<?xml version="1.0" encoding="UTF-8"?>
<!-- Generated by org.testng.reporters.JUnitXMLReporter -->
<testsuite ignored="0" hostname="DESKTOP-K0LIMU1" failures="0" tests="4" name="Test" time="38.212" errors="0" timestamp="2022-03-30T18:26:04 IST">
  <testcase classname="com.Dashboard.TestCases.LoginPageTest" name="title_loginPage" time="0.041"/>
  <testcase classname="com.Dashboard.TestCases.LoginPageTest" name="validate_logoOnLoginPage" time="0.133"/>
  <testcase classname="com.Dashboard.TestCases.LoginPageTest" name="validateUserLogin" time="7.207"/>
  <testcase classname="com.Dashboard.TestCases.HomePageTest" name="verify_all_menu" time="0.833"/>
</testsuite> <!-- Test -->
