<?xml version="1.0" encoding="UTF-8"?>
<!-- Generated by org.testng.reporters.JUnitXMLReporter -->
<testsuite ignored="0" hostname="DESKTOP-K0LIMU1" failures="0" tests="7" name="Smoke" time="52.839" errors="0" timestamp="2022-05-13T15:24:13 IST">
  <testcase classname="com.Dashboard.TestCases.LoginPageTest" name="title_loginPage" time="0.029"/>
  <testcase classname="com.Dashboard.TestCases.LoginPageTest" name="validate_logoOnLoginPage" time="0.08"/>
  <testcase classname="com.Dashboard.TestCases.LoginPageTest" name="validate_Forgot_Password" time="0.024"/>
  <testcase classname="com.Dashboard.TestCases.LoginPageTest" name="validateUserLogin" time="5.251"/>
  <testcase classname="com.Dashboard.TestCases.LoginPageTest" name="verify_homePage_image" time="0.033"/>
  <testcase classname="com.Dashboard.TestCases.HomePageTest" name="verify_all_menu" time="0.406"/>
  <testcase classname="com.Dashboard.TestCases.ForgotPasswordTest" name="validate_forgotPassword" time="4.87"/>
</testsuite> <!-- Smoke -->
