<?xml version="1.0" encoding="UTF-8"?>
<!-- Generated by org.testng.reporters.JUnitXMLReporter -->
<testsuite ignored="0" hostname="DESKTOP-K0LIMU1" failures="0" tests="6" name="Login" time="35.25" errors="0" timestamp="2022-04-08T11:16:23 IST">
  <testcase classname="com.Dashboard.TestCases.LoginPageTest" name="title_loginPage" time="0.013"/>
  <testcase classname="com.Dashboard.TestCases.LoginPageTest" name="validate_logoOnLoginPage" time="0.039"/>
  <testcase classname="com.Dashboard.TestCases.LoginPageTest" name="validate_Forgot_Password" time="0.028"/>
  <testcase classname="com.Dashboard.TestCases.LoginPageTest" name="validateUserLogin" time="4.44"/>
  <testcase classname="com.Dashboard.TestCases.HomePageTest" name="verify_all_menu" time="6.157"/>
  <testcase classname="com.Dashboard.TestCases.ForgotPasswordTest" name="validate_forgotPassword" time="10.176"/>
</testsuite> <!-- Login -->
