<?xml version="1.0" encoding="UTF-8"?>
<!-- Generated by org.testng.reporters.JUnitXMLReporter -->
<testsuite ignored="0" hostname="DESKTOP-K0LIMU1" failures="0" tests="4" name="Login" time="21.624" errors="0" timestamp="2022-04-01T16:42:45 IST">
  <testcase classname="com.Dashboard.TestCases.LoginPageTest" name="title_loginPage" time="0.022"/>
  <testcase classname="com.Dashboard.TestCases.LoginPageTest" name="validate_logoOnLoginPage" time="0.076"/>
  <testcase classname="com.Dashboard.TestCases.LoginPageTest" name="validateUserLogin" time="4.253"/>
  <testcase classname="com.Dashboard.TestCases.HomePageTest" name="verify_all_menu" time="7.229"/>
</testsuite> <!-- Login -->
