<?xml version="1.0" encoding="UTF-8"?>
<!-- Generated by org.testng.reporters.JUnitXMLReporter -->
<testsuite ignored="0" hostname="DESKTOP-K0LIMU1" failures="0" tests="6" name="Regression" time="26.721" errors="0" timestamp="2022-04-13T11:26:40 IST">
  <testcase classname="com.Dashboard.TestCases.LoginPageTest" name="title_loginPage" time="0.02"/>
  <testcase classname="com.Dashboard.TestCases.LoginPageTest" name="validate_logoOnLoginPage" time="0.05"/>
  <testcase classname="com.Dashboard.TestCases.LoginPageTest" name="validate_Forgot_Password" time="0.026"/>
  <testcase classname="com.Dashboard.TestCases.LoginPageTest" name="validateUserLogin" time="3.522"/>
  <testcase classname="com.Dashboard.TestCases.HomePageTest" name="verify_all_menu" time="1.83"/>
  <testcase classname="com.Dashboard.TestCases.ForgotPasswordTest" name="validate_forgotPassword" time="8.465"/>
</testsuite> <!-- Regression -->
