<?xml version="1.0" encoding="UTF-8"?>
<testng-results ignored="0" total="7" passed="6" failed="1" skipped="0">
  <reporter-output>
  </reporter-output>
  <suite started-at="2022-04-19T18:40:17 IST" name="Regression" finished-at="2022-04-19T18:41:27 IST" duration-ms="70222">
    <groups>
    </groups>
    <test started-at="2022-04-19T18:40:17 IST" name="Regression" finished-at="2022-04-19T18:41:27 IST" duration-ms="70222">
      <class name="com.Dashboard.TestCases.ForgotPasswordTest">
        <test-method is-config="true" signature="setUp()[pri:0, instance:com.Dashboard.TestCases.ForgotPasswordTest@2a7f1f10]" started-at="2022-04-19T18:40:52 IST" name="setUp" finished-at="2022-04-19T18:40:53 IST" duration-ms="1480" status="PASS">
          <reporter-output>
          </reporter-output>
        </test-method> <!-- setUp -->
        <test-method signature="validate_forgotPassword()[pri:0, instance:com.Dashboard.TestCases.ForgotPasswordTest@2a7f1f10]" started-at="2022-04-19T18:40:53 IST" name="validate_forgotPassword" finished-at="2022-04-19T18:40:59 IST" duration-ms="5153" status="PASS">
          <reporter-output>
          </reporter-output>
        </test-method> <!-- validate_forgotPassword -->
        <test-method is-config="true" signature="tearDown()[pri:0, instance:com.Dashboard.TestCases.ForgotPasswordTest@2a7f1f10]" started-at="2022-04-19T18:41:27 IST" name="tearDown" finished-at="2022-04-19T18:41:27 IST" duration-ms="178" status="PASS">
          <reporter-output>
          </reporter-output>
        </test-method> <!-- tearDown -->
      </class> <!-- com.Dashboard.TestCases.ForgotPasswordTest -->
      <class name="com.Dashboard.TestCases.LoginPageTest">
        <test-method is-config="true" signature="setUp()[pri:0, instance:com.Dashboard.TestCases.LoginPageTest@60099951]" started-at="2022-04-19T18:40:17 IST" name="setUp" finished-at="2022-04-19T18:40:41 IST" duration-ms="23909" status="PASS">
          <reporter-output>
          </reporter-output>
        </test-method> <!-- setUp -->
        <test-method signature="title_loginPage()[pri:1, instance:com.Dashboard.TestCases.LoginPageTest@60099951]" started-at="2022-04-19T18:40:41 IST" name="title_loginPage" finished-at="2022-04-19T18:40:41 IST" duration-ms="19" status="PASS">
          <reporter-output>
          </reporter-output>
        </test-method> <!-- title_loginPage -->
        <test-method signature="validate_logoOnLoginPage()[pri:2, instance:com.Dashboard.TestCases.LoginPageTest@60099951]" started-at="2022-04-19T18:40:41 IST" name="validate_logoOnLoginPage" finished-at="2022-04-19T18:40:41 IST" duration-ms="62" status="PASS">
          <reporter-output>
          </reporter-output>
        </test-method> <!-- validate_logoOnLoginPage -->
        <test-method signature="validate_Forgot_Password()[pri:3, instance:com.Dashboard.TestCases.LoginPageTest@60099951]" started-at="2022-04-19T18:40:41 IST" name="validate_Forgot_Password" finished-at="2022-04-19T18:40:41 IST" duration-ms="32" status="PASS">
          <reporter-output>
          </reporter-output>
        </test-method> <!-- validate_Forgot_Password -->
        <test-method signature="validateUserLogin(java.lang.String,java.lang.String)[pri:4, instance:com.Dashboard.TestCases.LoginPageTest@60099951]" started-at="2022-04-19T18:40:42 IST" name="validateUserLogin" data-provider="getTestDatafromExcel" finished-at="2022-04-19T18:40:47 IST" duration-ms="4344" status="PASS">
          <params>
            <param index="0">
              <value>
                <![CDATA[dashboard@aimbeyond.com]]>
              </value>
            </param>
            <param index="1">
              <value>
                <![CDATA[test@123]]>
              </value>
            </param>
          </params>
          <reporter-output>
          </reporter-output>
        </test-method> <!-- validateUserLogin -->
        <test-method is-config="true" signature="tearDown()[pri:0, instance:com.Dashboard.TestCases.LoginPageTest@60099951]" started-at="2022-04-19T18:41:27 IST" name="tearDown" finished-at="2022-04-19T18:41:27 IST" duration-ms="1" status="PASS">
          <reporter-output>
          </reporter-output>
        </test-method> <!-- tearDown -->
      </class> <!-- com.Dashboard.TestCases.LoginPageTest -->
      <class name="com.Dashboard.TestCases.AddAlbum_GalleryTest">
        <test-method is-config="true" signature="setUp()[pri:0, instance:com.Dashboard.TestCases.AddAlbum_GalleryTest@46cdf8bd]" started-at="2022-04-19T18:40:59 IST" name="setUp" finished-at="2022-04-19T18:41:00 IST" duration-ms="1730" status="PASS">
          <reporter-output>
          </reporter-output>
        </test-method> <!-- setUp -->
        <test-method signature="validate_view_album_label(java.lang.String,java.lang.String)[pri:0, instance:com.Dashboard.TestCases.AddAlbum_GalleryTest@46cdf8bd]" started-at="2022-04-19T18:41:00 IST" name="validate_view_album_label" data-provider="getTestDatafromExcel" finished-at="2022-04-19T18:41:27 IST" duration-ms="26303" status="FAIL">
          <exception class="org.openqa.selenium.UnhandledAlertException">
            <message>
              <![CDATA[unexpected alert open: {Alert text : Album name: Fest2 already exist.}
  (Session info: chrome=100.0.4896.127): Album name: Fest2 already exist.
Build info: version: '4.1.2', revision: '9a5a329c5a'
System info: host: 'DESKTOP-K0LIMU1', ip: '192.168.43.174', os.name: 'Windows 10', os.arch: 'amd64', os.version: '10.0', java.version: '17.0.2'
Driver info: org.openqa.selenium.chrome.ChromeDriver
Command: [a3ea22c41d7d8ea9210696f39cff3c35, screenshot {}]
Capabilities {acceptInsecureCerts: false, browserName: chrome, browserVersion: 100.0.4896.127, chrome: {chromedriverVersion: 100.0.4896.60 (6a5d10861ce8..., userDataDir: C:\Users\SHAHEE~1\AppData\L...}, goog:chromeOptions: {debuggerAddress: localhost:60688}, javascriptEnabled: true, networkConnectionEnabled: false, pageLoadStrategy: normal, platform: WINDOWS, platformName: WINDOWS, proxy: Proxy(), se:cdp: ws://localhost:60688/devtoo..., se:cdpVersion: 100.0.4896.127, setWindowRect: true, strictFileInteractability: false, timeouts: {implicit: 0, pageLoad: 300000, script: 30000}, unhandledPromptBehavior: dismiss and notify, webauthn:extension:credBlob: true, webauthn:extension:largeBlob: true, webauthn:virtualAuthenticators: true}
Session ID: a3ea22c41d7d8ea9210696f39cff3c35]]>
            </message>
            <full-stacktrace>
              <![CDATA[org.openqa.selenium.UnhandledAlertException: unexpected alert open: {Alert text : Album name: Fest2 already exist.}
  (Session info: chrome=100.0.4896.127): Album name: Fest2 already exist.
Build info: version: '4.1.2', revision: '9a5a329c5a'
System info: host: 'DESKTOP-K0LIMU1', ip: '192.168.43.174', os.name: 'Windows 10', os.arch: 'amd64', os.version: '10.0', java.version: '17.0.2'
Driver info: org.openqa.selenium.chrome.ChromeDriver
Command: [a3ea22c41d7d8ea9210696f39cff3c35, screenshot {}]
Capabilities {acceptInsecureCerts: false, browserName: chrome, browserVersion: 100.0.4896.127, chrome: {chromedriverVersion: 100.0.4896.60 (6a5d10861ce8..., userDataDir: C:\Users\SHAHEE~1\AppData\L...}, goog:chromeOptions: {debuggerAddress: localhost:60688}, javascriptEnabled: true, networkConnectionEnabled: false, pageLoadStrategy: normal, platform: WINDOWS, platformName: WINDOWS, proxy: Proxy(), se:cdp: ws://localhost:60688/devtoo..., se:cdpVersion: 100.0.4896.127, setWindowRect: true, strictFileInteractability: false, timeouts: {implicit: 0, pageLoad: 300000, script: 30000}, unhandledPromptBehavior: dismiss and notify, webauthn:extension:credBlob: true, webauthn:extension:largeBlob: true, webauthn:virtualAuthenticators: true}
Session ID: a3ea22c41d7d8ea9210696f39cff3c35
at org.openqa.selenium.remote.codec.w3c.W3CHttpResponseCodec.decode(W3CHttpResponseCodec.java:131)
at org.openqa.selenium.remote.codec.w3c.W3CHttpResponseCodec.decode(W3CHttpResponseCodec.java:53)
at org.openqa.selenium.remote.HttpCommandExecutor.execute(HttpCommandExecutor.java:184)
at org.openqa.selenium.remote.service.DriverCommandExecutor.invokeExecute(DriverCommandExecutor.java:167)
at org.openqa.selenium.remote.service.DriverCommandExecutor.execute(DriverCommandExecutor.java:142)
at org.openqa.selenium.remote.RemoteWebDriver.execute(RemoteWebDriver.java:558)
at org.openqa.selenium.remote.RemoteWebDriver.execute(RemoteWebDriver.java:613)
at org.openqa.selenium.remote.RemoteWebDriver.execute(RemoteWebDriver.java:617)
at org.openqa.selenium.remote.RemoteWebDriver.getScreenshotAs(RemoteWebDriver.java:348)
at com.Dashboard.Base.BaseClass.takeScreenShot(BaseClass.java:67)
at com.screenShot.ScreenShotListener.onTestFailure(ScreenShotListener.java:25)
at org.testng.internal.TestListenerHelper.runTestListeners(TestListenerHelper.java:99)
at org.testng.internal.invokers.TestInvoker.runTestResultListener(TestInvoker.java:276)
at org.testng.internal.invokers.TestInvoker.invokeMethod(TestInvoker.java:744)
at org.testng.internal.invokers.TestInvoker.invokeTestMethod(TestInvoker.java:220)
at org.testng.internal.invokers.MethodRunner.runInSequence(MethodRunner.java:50)
at org.testng.internal.invokers.TestInvoker$MethodInvocationAgent.invoke(TestInvoker.java:945)
at org.testng.internal.invokers.TestInvoker.invokeTestMethods(TestInvoker.java:193)
at org.testng.internal.invokers.TestMethodWorker.invokeTestMethods(TestMethodWorker.java:146)
at org.testng.internal.invokers.TestMethodWorker.run(TestMethodWorker.java:128)
at java.base/java.util.ArrayList.forEach(ArrayList.java:1511)
at org.testng.TestRunner.privateRun(TestRunner.java:808)
at org.testng.TestRunner.run(TestRunner.java:603)
at org.testng.SuiteRunner.runTest(SuiteRunner.java:429)
at org.testng.SuiteRunner.runSequentially(SuiteRunner.java:423)
at org.testng.SuiteRunner.privateRun(SuiteRunner.java:383)
at org.testng.SuiteRunner.run(SuiteRunner.java:326)
at org.testng.SuiteRunnerWorker.runSuite(SuiteRunnerWorker.java:52)
at org.testng.SuiteRunnerWorker.run(SuiteRunnerWorker.java:95)
at org.testng.TestNG.runSuitesSequentially(TestNG.java:1249)
at org.testng.TestNG.runSuitesLocally(TestNG.java:1169)
at org.testng.TestNG.runSuites(TestNG.java:1092)
at org.testng.TestNG.run(TestNG.java:1060)
at org.testng.remote.AbstractRemoteTestNG.run(AbstractRemoteTestNG.java:115)
at org.testng.remote.RemoteTestNG.initAndRun(RemoteTestNG.java:251)
at org.testng.remote.RemoteTestNG.main(RemoteTestNG.java:77)
]]>
            </full-stacktrace>
          </exception> <!-- org.openqa.selenium.UnhandledAlertException -->
          <reporter-output>
          </reporter-output>
        </test-method> <!-- validate_view_album_label -->
        <test-method is-config="true" signature="tearDown()[pri:0, instance:com.Dashboard.TestCases.AddAlbum_GalleryTest@46cdf8bd]" started-at="2022-04-19T18:41:27 IST" name="tearDown" finished-at="2022-04-19T18:41:27 IST" duration-ms="0" status="PASS">
          <reporter-output>
          </reporter-output>
        </test-method> <!-- tearDown -->
      </class> <!-- com.Dashboard.TestCases.AddAlbum_GalleryTest -->
      <class name="com.Dashboard.TestCases.HomePageTest">
        <test-method is-config="true" signature="setUp()[pri:0, instance:com.Dashboard.TestCases.HomePageTest@298a5e20]" started-at="2022-04-19T18:40:47 IST" name="setUp" finished-at="2022-04-19T18:40:49 IST" duration-ms="1698" status="PASS">
          <reporter-output>
          </reporter-output>
        </test-method> <!-- setUp -->
        <test-method signature="verify_all_menu()[pri:0, instance:com.Dashboard.TestCases.HomePageTest@298a5e20]" started-at="2022-04-19T18:40:49 IST" name="verify_all_menu" finished-at="2022-04-19T18:40:52 IST" duration-ms="3368" status="PASS">
          <reporter-output>
          </reporter-output>
        </test-method> <!-- verify_all_menu -->
        <test-method is-config="true" signature="tearDown()[pri:0, instance:com.Dashboard.TestCases.HomePageTest@298a5e20]" started-at="2022-04-19T18:41:27 IST" name="tearDown" finished-at="2022-04-19T18:41:27 IST" duration-ms="0" status="PASS">
          <reporter-output>
          </reporter-output>
        </test-method> <!-- tearDown -->
      </class> <!-- com.Dashboard.TestCases.HomePageTest -->
    </test> <!-- Regression -->
  </suite> <!-- Regression -->
</testng-results>
